2025-10-01 20:19:58,966 - Readloom - INFO - Logging to data\logs\debug_dandadan.log
2025-10-01 20:19:58,966 - Readloom - INFO - Database path set to: data\db\readloom.db
2025-10-01 20:19:58,970 - Readloom - INFO - Registered metadata provider: MyAnimeList
2025-10-01 20:19:58,970 - Readloom - INFO - Registered metadata provider: MangaAPI
2025-10-01 20:19:58,971 - Readloom - INFO - Registered metadata provider: MangaDex
2025-10-01 20:19:58,971 - Readloom - INFO - Registered metadata provider: MyAnimeList
2025-10-01 20:19:58,971 - Readloom - INFO - Registered metadata provider: AniList
2025-10-01 20:19:58,971 - Readloom - INFO - Registered metadata provider: MangaFire
2025-10-01 20:19:58,972 - Readloom - INFO - Registered metadata provider: GoogleBooks
2025-10-01 20:19:58,972 - Readloom - INFO - Registered metadata provider: OpenLibrary
2025-10-01 20:19:58,972 - Readloom - INFO - Registered metadata provider: ISBNdb
2025-10-01 20:19:58,973 - Readloom - INFO - Registered metadata provider: WorldCat
2025-10-01 20:19:58,973 - Readloom - INFO - Initialized 9 metadata providers
2025-10-01 20:19:58,974 - Readloom - INFO - Searching MangaPark: https://mangapark.net/search?q=Dandadan
2025-10-01 20:19:58,975 - Readloom - INFO - Searching MangaFire (method 1): https://mangafire.to/search?q=Dandadan
2025-10-01 20:19:59,004 - Readloom - ERROR - Error getting MangaDex data: HTTPSConnectionPool(host='api.mangadex.org', port=443): Max retries exceeded with url: /manga?title=Dandadan&limit=1 (Caused by NameResolutionError("<urllib3.connection.HTTPSConnection object at 0x0000023F44F74690>: Failed to resolve 'api.mangadex.org' ([Errno 11004] getaddrinfo failed)"))
2025-10-01 20:19:59,024 - Readloom - ERROR - Error getting MangaPark data: HTTPSConnectionPool(host='mangapark.net', port=443): Max retries exceeded with url: /search?q=Dandadan (Caused by NameResolutionError("<urllib3.connection.HTTPSConnection object at 0x0000023F44F77890>: Failed to resolve 'mangapark.net' ([Errno 11004] getaddrinfo failed)"))
2025-10-01 20:19:59,565 - Readloom - INFO - Trying alternative MangaFire search (method 2): https://mangafire.to/manga/dandadan
2025-10-01 20:20:00,090 - Readloom - WARNING - Alternative MangaFire search failed: 404
2025-10-01 20:20:00,090 - Readloom - WARNING - All MangaFire search methods failed
2025-10-01 20:20:00,091 - Readloom - INFO - Best data for Dandadan: 112 chapters, 11 volumes
2025-10-01 20:20:01,253 - Readloom - INFO - Getting accurate volume count from scrapers for: Dandadan
2025-10-01 20:20:01,254 - Readloom - INFO - Searching MangaPark: https://mangapark.net/search?q=Dandadan
2025-10-01 20:20:01,256 - Readloom - INFO - Searching MangaFire (method 1): https://mangafire.to/search?q=Dandadan
2025-10-01 20:20:01,258 - Readloom - ERROR - Error getting MangaDex data: HTTPSConnectionPool(host='api.mangadex.org', port=443): Max retries exceeded with url: /manga?title=Dandadan&limit=1 (Caused by NameResolutionError("<urllib3.connection.HTTPSConnection object at 0x0000023F44F76850>: Failed to resolve 'api.mangadex.org' ([Errno 11004] getaddrinfo failed)"))
2025-10-01 20:20:01,259 - Readloom - ERROR - Error getting MangaPark data: HTTPSConnectionPool(host='mangapark.net', port=443): Max retries exceeded with url: /search?q=Dandadan (Caused by NameResolutionError("<urllib3.connection.HTTPSConnection object at 0x0000023F44F76AD0>: Failed to resolve 'mangapark.net' ([Errno 11004] getaddrinfo failed)"))
2025-10-01 20:20:01,851 - Readloom - INFO - Trying alternative MangaFire search (method 2): https://mangafire.to/manga/dandadan
2025-10-01 20:20:01,957 - Readloom - WARNING - Alternative MangaFire search failed: 404
2025-10-01 20:20:01,957 - Readloom - WARNING - All MangaFire search methods failed
2025-10-01 20:20:01,958 - Readloom - INFO - Best data for Dandadan: 112 chapters, 11 volumes
2025-10-01 20:20:01,958 - Readloom - INFO - Using scraped volume count: 11 volumes
2025-10-01 20:20:24,188 - Readloom - INFO - Logging to data\logs\debug_dandadan.log
2025-10-01 20:20:24,189 - Readloom - INFO - Database path set to: data\db\readloom.db
2025-10-01 20:20:24,206 - Readloom - INFO - Registered metadata provider: MyAnimeList
2025-10-01 20:20:24,206 - Readloom - INFO - Registered metadata provider: MangaAPI
2025-10-01 20:20:24,206 - Readloom - INFO - Registered metadata provider: MangaDex
2025-10-01 20:20:24,206 - Readloom - INFO - Registered metadata provider: MyAnimeList
2025-10-01 20:20:24,207 - Readloom - INFO - Registered metadata provider: AniList
2025-10-01 20:20:24,207 - Readloom - INFO - Registered metadata provider: MangaFire
2025-10-01 20:20:24,207 - Readloom - INFO - Registered metadata provider: GoogleBooks
2025-10-01 20:20:24,207 - Readloom - INFO - Registered metadata provider: OpenLibrary
2025-10-01 20:20:24,207 - Readloom - INFO - Registered metadata provider: ISBNdb
2025-10-01 20:20:24,207 - Readloom - INFO - Registered metadata provider: WorldCat
2025-10-01 20:20:24,207 - Readloom - INFO - Initialized 9 metadata providers
2025-10-01 20:20:24,208 - Readloom - INFO - Using static data for Dandadan: 211 chapters, 24 volumes (matched: dandadan)
2025-10-01 20:20:25,309 - Readloom - INFO - Getting accurate volume count from scrapers for: Dandadan
2025-10-01 20:20:25,309 - Readloom - INFO - Using static data for Dandadan: 211 chapters, 24 volumes (matched: dandadan)
2025-10-01 20:20:25,309 - Readloom - INFO - Using scraped volume count: 24 volumes
